{"uuid":"46b61e4c-198b-48c9-81b9-2358237750a7","historyId":"67d0ee626874e134e6f2afefd237d1b7","fullName":"tests.search.positive.SearchTest.checkIsRedirectToListing","labels":[{"name":"package","value":"tests.search.positive.SearchTest"},{"name":"testClass","value":"tests.search.positive.SearchTest"},{"name":"testMethod","value":"checkIsRedirectToListing"},{"name":"parentSuite","value":"Search Test Suite"},{"name":"suite","value":"Тестирование Поиск"},{"name":"subSuite","value":"tests.search.positive.SearchTest"},{"name":"host","value":"Aleksandrs-MBP.lan"},{"name":"thread","value":"7528@Aleksandrs-MBP.lan.main(1)"},{"name":"framework","value":"testng"},{"name":"language","value":"java"},{"name":"epic","value":"Поиск"},{"name":"feature","value":"Тестирование поиска"}],"links":[],"name":"Проверка перенаправления на страницу с указанным параметром поиска","status":"failed","statusDetails":{"known":false,"muted":false,"flaky":false,"message":"expected [30] but found [0]","trace":"java.lang.AssertionError: expected [30] but found [0]\n\tat org.testng.Assert.fail(Assert.java:110)\n\tat org.testng.Assert.failNotEquals(Assert.java:1413)\n\tat org.testng.Assert.assertEqualsImpl(Assert.java:149)\n\tat org.testng.Assert.assertEquals(Assert.java:131)\n\tat org.testng.Assert.assertEquals(Assert.java:1240)\n\tat org.testng.Assert.assertEquals(Assert.java:1274)\n\tat pages.listing.TouchListingPage.checkAmountOfCards(TouchListingPage.java:26)\n\tat tests.search.positive.SearchTest.checkIsRedirectToListing(SearchTest.java:26)\n\tat java.base/jdk.internal.reflect.NativeMethodAccessorImpl.invoke0(Native Method)\n\tat java.base/jdk.internal.reflect.NativeMethodAccessorImpl.invoke(NativeMethodAccessorImpl.java:77)\n\tat java.base/jdk.internal.reflect.DelegatingMethodAccessorImpl.invoke(DelegatingMethodAccessorImpl.java:43)\n\tat java.base/java.lang.reflect.Method.invoke(Method.java:568)\n\tat org.testng.internal.invokers.MethodInvocationHelper.invokeMethod(MethodInvocationHelper.java:135)\n\tat org.testng.internal.invokers.TestInvoker.invokeMethod(TestInvoker.java:673)\n\tat org.testng.internal.invokers.TestInvoker.invokeTestMethod(TestInvoker.java:220)\n\tat org.testng.internal.invokers.MethodRunner.runInSequence(MethodRunner.java:50)\n\tat org.testng.internal.invokers.TestInvoker$MethodInvocationAgent.invoke(TestInvoker.java:945)\n\tat org.testng.internal.invokers.TestInvoker.invokeTestMethods(TestInvoker.java:193)\n\tat org.testng.internal.invokers.TestMethodWorker.invokeTestMethods(TestMethodWorker.java:146)\n\tat org.testng.internal.invokers.TestMethodWorker.run(TestMethodWorker.java:128)\n\tat java.base/java.util.ArrayList.forEach(ArrayList.java:1511)\n\tat org.testng.TestRunner.privateRun(TestRunner.java:808)\n\tat org.testng.TestRunner.run(TestRunner.java:603)\n\tat org.testng.SuiteRunner.runTest(SuiteRunner.java:429)\n\tat org.testng.SuiteRunner.runSequentially(SuiteRunner.java:423)\n\tat org.testng.SuiteRunner.privateRun(SuiteRunner.java:383)\n\tat org.testng.SuiteRunner.run(SuiteRunner.java:326)\n\tat org.testng.SuiteRunnerWorker.runSuite(SuiteRunnerWorker.java:52)\n\tat org.testng.SuiteRunnerWorker.run(SuiteRunnerWorker.java:95)\n\tat org.testng.TestNG.runSuitesSequentially(TestNG.java:1249)\n\tat org.testng.TestNG.runSuitesLocally(TestNG.java:1169)\n\tat org.testng.TestNG.runSuites(TestNG.java:1092)\n\tat org.testng.TestNG.run(TestNG.java:1060)\n\tat com.intellij.rt.testng.IDEARemoteTestNG.run(IDEARemoteTestNG.java:66)\n\tat com.intellij.rt.testng.RemoteTestNGStarter.main(RemoteTestNGStarter.java:109)\n"},"stage":"finished","steps":[{"name":"Открыть страницу https://touch.com.ua/","status":"passed","stage":"finished","steps":[],"attachments":[],"parameters":[{"name":"url","value":"https://touch.com.ua/"}],"start":1651143098133,"stop":1651143101927},{"name":"Для поиска вводим iPhone","status":"passed","stage":"finished","steps":[],"attachments":[],"parameters":[{"name":"input","value":"iPhone"}],"start":1651143101928,"stop":1651143102040},{"name":"Нажать на кнопку поиска","status":"passed","stage":"finished","steps":[],"attachments":[],"parameters":[],"start":1651143102040,"stop":1651143105296},{"name":"Сравниваем результат поиска с текстом поиска 'iPhone'","status":"passed","stage":"finished","steps":[],"attachments":[],"parameters":[{"name":"searchItem","value":"iPhone"}],"start":1651143105297,"stop":1651143105314},{"name":"Проверяем что кол-во карточек на странице = 30","status":"failed","statusDetails":{"known":false,"muted":false,"flaky":false,"message":"expected [30] but found [0]","trace":"java.lang.AssertionError: expected [30] but found [0]\n\tat org.testng.Assert.fail(Assert.java:110)\n\tat org.testng.Assert.failNotEquals(Assert.java:1413)\n\tat org.testng.Assert.assertEqualsImpl(Assert.java:149)\n\tat org.testng.Assert.assertEquals(Assert.java:131)\n\tat org.testng.Assert.assertEquals(Assert.java:1240)\n\tat org.testng.Assert.assertEquals(Assert.java:1274)\n\tat pages.listing.TouchListingPage.checkAmountOfCards(TouchListingPage.java:26)\n\tat tests.search.positive.SearchTest.checkIsRedirectToListing(SearchTest.java:26)\n\tat java.base/jdk.internal.reflect.NativeMethodAccessorImpl.invoke0(Native Method)\n\tat java.base/jdk.internal.reflect.NativeMethodAccessorImpl.invoke(NativeMethodAccessorImpl.java:77)\n\tat java.base/jdk.internal.reflect.DelegatingMethodAccessorImpl.invoke(DelegatingMethodAccessorImpl.java:43)\n\tat java.base/java.lang.reflect.Method.invoke(Method.java:568)\n\tat org.testng.internal.invokers.MethodInvocationHelper.invokeMethod(MethodInvocationHelper.java:135)\n\tat org.testng.internal.invokers.TestInvoker.invokeMethod(TestInvoker.java:673)\n\tat org.testng.internal.invokers.TestInvoker.invokeTestMethod(TestInvoker.java:220)\n\tat org.testng.internal.invokers.MethodRunner.runInSequence(MethodRunner.java:50)\n\tat org.testng.internal.invokers.TestInvoker$MethodInvocationAgent.invoke(TestInvoker.java:945)\n\tat org.testng.internal.invokers.TestInvoker.invokeTestMethods(TestInvoker.java:193)\n\tat org.testng.internal.invokers.TestMethodWorker.invokeTestMethods(TestMethodWorker.java:146)\n\tat org.testng.internal.invokers.TestMethodWorker.run(TestMethodWorker.java:128)\n\tat java.base/java.util.ArrayList.forEach(ArrayList.java:1511)\n\tat org.testng.TestRunner.privateRun(TestRunner.java:808)\n\tat org.testng.TestRunner.run(TestRunner.java:603)\n\tat org.testng.SuiteRunner.runTest(SuiteRunner.java:429)\n\tat org.testng.SuiteRunner.runSequentially(SuiteRunner.java:423)\n\tat org.testng.SuiteRunner.privateRun(SuiteRunner.java:383)\n\tat org.testng.SuiteRunner.run(SuiteRunner.java:326)\n\tat org.testng.SuiteRunnerWorker.runSuite(SuiteRunnerWorker.java:52)\n\tat org.testng.SuiteRunnerWorker.run(SuiteRunnerWorker.java:95)\n\tat org.testng.TestNG.runSuitesSequentially(TestNG.java:1249)\n\tat org.testng.TestNG.runSuitesLocally(TestNG.java:1169)\n\tat org.testng.TestNG.runSuites(TestNG.java:1092)\n\tat org.testng.TestNG.run(TestNG.java:1060)\n\tat com.intellij.rt.testng.IDEARemoteTestNG.run(IDEARemoteTestNG.java:66)\n\tat com.intellij.rt.testng.RemoteTestNGStarter.main(RemoteTestNGStarter.java:109)\n"},"stage":"finished","steps":[],"attachments":[],"parameters":[],"start":1651143105314,"stop":1651143109377}],"attachments":[],"parameters":[],"start":1651143098120,"stop":1651143109379}